Arguments: 
  /home/rafael/.nvm/versions/node/v20.14.0/bin/node /usr/local/bin/yarn init

PATH: 
  /home/rafael/.nvm/versions/node/v20.14.0/bin:/home/rafael/miniconda3/bin:/home/rafael/miniconda3/condabin:/home/rafael/.local/share/solana/install/active_release/bin:/usr/local/cuda-12.2/bin/nvcc:/home/rafael/.local/bin:/home/rafael/.pyenv/plugins/pyenv-virtualenv/shims:/home/rafael/.pyenv/shims:/home/rafael/.pyenv/bin:/home/rafael/.cargo/bin:/usr/local/sbin:/usr/local/bin:/usr/sbin:/usr/bin:/sbin:/bin:/usr/games:/usr/local/games:/snap/bin:/snap/bin:/home/rafael/.foundry/bin:/home/rafael/.foundry/bin:/usr/local/go/bin

Yarn version: 
  1.22.19

Node version: 
  20.14.0

Platform: 
  linux x64

Trace: 
  Error: canceled
      at Interface.<anonymous> (/usr/local/lib/node_modules/yarn/lib/cli.js:137150:13)
      at Interface.emit (node:events:519:28)
      at [_ttyWrite] [as _ttyWrite] (node:internal/readline/interface:1126:18)
      at ReadStream.onkeypress (node:internal/readline/interface:265:20)
      at ReadStream.emit (node:events:519:28)
      at emitKeys (node:internal/readline/utils:371:14)
      at emitKeys.next (<anonymous>)
      at ReadStream.onData (node:internal/readline/emitKeypressEvents:64:36)
      at ReadStream.emit (node:events:519:28)
      at addChunk (node:internal/streams/readable:559:12)

npm manifest: 
  No manifest

yarn manifest: 
  No manifest

Lockfile: 
  No lockfile
